ERROR - 2023-08-09 00:11:23 --> mysqli_sql_exception: You have an error in your SQL syntax; check the manual that corresponds to your MariaDB server version for the right syntax to use near '`_interes`, `cuotas`, `created_at`, `updated_at`) VALUES ('123456789', 'TZONT...' at line 1 in C:\xampp\htdocs\codeigniter4\system\Database\MySQLi\Connection.php:295
Stack trace:
#0 C:\xampp\htdocs\codeigniter4\system\Database\MySQLi\Connection.php(295): mysqli->query('INSERT INTO `co...', 0)
#1 C:\xampp\htdocs\codeigniter4\system\Database\BaseConnection.php(692): CodeIgniter\Database\MySQLi\Connection->execute('INSERT INTO `co...')
#2 C:\xampp\htdocs\codeigniter4\system\Database\BaseConnection.php(606): CodeIgniter\Database\BaseConnection->simpleQuery('INSERT INTO `co...')
#3 C:\xampp\htdocs\codeigniter4\system\Database\BaseBuilder.php(2309): CodeIgniter\Database\BaseConnection->query('INSERT INTO `co...', Array, false)
#4 C:\xampp\htdocs\codeigniter4\app\Database\Seeds\AdminSeeder.php(33): CodeIgniter\Database\BaseBuilder->insert(Array)
#5 C:\xampp\htdocs\codeigniter4\system\Database\Seeder.php(146): App\Database\Seeds\AdminSeeder->run()
#6 C:\xampp\htdocs\codeigniter4\app\Database\Seeds\Main.php(11): CodeIgniter\Database\Seeder->call('App\\Database\\Se...')
#7 C:\xampp\htdocs\codeigniter4\system\Database\Seeder.php(146): App\Database\Seeds\Main->run()
#8 C:\xampp\htdocs\codeigniter4\system\Commands\Database\Seed.php(77): CodeIgniter\Database\Seeder->call('App\\Database\\Se...')
#9 C:\xampp\htdocs\codeigniter4\system\CLI\Commands.php(65): CodeIgniter\Commands\Database\Seed->run(Array)
#10 C:\xampp\htdocs\codeigniter4\system\CLI\Console.php(37): CodeIgniter\CLI\Commands->run('db:seed', Array)
#11 C:\xampp\htdocs\codeigniter4\spark(97): CodeIgniter\CLI\Console->run()
#12 {main}
ERROR - 2023-08-09 00:11:56 --> mysqli_sql_exception: You have an error in your SQL syntax; check the manual that corresponds to your MariaDB server version for the right syntax to use near '`_interes`, `cuotas`, `created_at`, `updated_at`) VALUES ('123456789', 'TZONT...' at line 1 in C:\xampp\htdocs\codeigniter4\system\Database\MySQLi\Connection.php:295
Stack trace:
#0 C:\xampp\htdocs\codeigniter4\system\Database\MySQLi\Connection.php(295): mysqli->query('INSERT INTO `co...', 0)
#1 C:\xampp\htdocs\codeigniter4\system\Database\BaseConnection.php(692): CodeIgniter\Database\MySQLi\Connection->execute('INSERT INTO `co...')
#2 C:\xampp\htdocs\codeigniter4\system\Database\BaseConnection.php(606): CodeIgniter\Database\BaseConnection->simpleQuery('INSERT INTO `co...')
#3 C:\xampp\htdocs\codeigniter4\system\Database\BaseBuilder.php(2309): CodeIgniter\Database\BaseConnection->query('INSERT INTO `co...', Array, false)
#4 C:\xampp\htdocs\codeigniter4\app\Database\Seeds\AdminSeeder.php(33): CodeIgniter\Database\BaseBuilder->insert(Array)
#5 C:\xampp\htdocs\codeigniter4\system\Database\Seeder.php(146): App\Database\Seeds\AdminSeeder->run()
#6 C:\xampp\htdocs\codeigniter4\app\Database\Seeds\Main.php(11): CodeIgniter\Database\Seeder->call('App\\Database\\Se...')
#7 C:\xampp\htdocs\codeigniter4\system\Database\Seeder.php(146): App\Database\Seeds\Main->run()
#8 C:\xampp\htdocs\codeigniter4\system\Commands\Database\Seed.php(77): CodeIgniter\Database\Seeder->call('App\\Database\\Se...')
#9 C:\xampp\htdocs\codeigniter4\system\CLI\Commands.php(65): CodeIgniter\Commands\Database\Seed->run(Array)
#10 C:\xampp\htdocs\codeigniter4\system\CLI\Console.php(37): CodeIgniter\CLI\Commands->run('db:seed', Array)
#11 C:\xampp\htdocs\codeigniter4\spark(97): CodeIgniter\CLI\Console->run()
#12 {main}
ERROR - 2023-08-09 00:13:06 --> mysqli_sql_exception: You have an error in your SQL syntax; check the manual that corresponds to your MariaDB server version for the right syntax to use near '`_interes`, `cuotas`, `created_at`, `updated_at`) VALUES ('123456789', 'TZONT...' at line 1 in C:\xampp\htdocs\codeigniter4\system\Database\MySQLi\Connection.php:295
Stack trace:
#0 C:\xampp\htdocs\codeigniter4\system\Database\MySQLi\Connection.php(295): mysqli->query('INSERT INTO `co...', 0)
#1 C:\xampp\htdocs\codeigniter4\system\Database\BaseConnection.php(692): CodeIgniter\Database\MySQLi\Connection->execute('INSERT INTO `co...')
#2 C:\xampp\htdocs\codeigniter4\system\Database\BaseConnection.php(606): CodeIgniter\Database\BaseConnection->simpleQuery('INSERT INTO `co...')
#3 C:\xampp\htdocs\codeigniter4\system\Database\BaseBuilder.php(2309): CodeIgniter\Database\BaseConnection->query('INSERT INTO `co...', Array, false)
#4 C:\xampp\htdocs\codeigniter4\app\Database\Seeds\AdminSeeder.php(33): CodeIgniter\Database\BaseBuilder->insert(Array)
#5 C:\xampp\htdocs\codeigniter4\system\Database\Seeder.php(146): App\Database\Seeds\AdminSeeder->run()
#6 C:\xampp\htdocs\codeigniter4\app\Database\Seeds\Main.php(11): CodeIgniter\Database\Seeder->call('App\\Database\\Se...')
#7 C:\xampp\htdocs\codeigniter4\system\Database\Seeder.php(146): App\Database\Seeds\Main->run()
#8 C:\xampp\htdocs\codeigniter4\system\Commands\Database\Seed.php(77): CodeIgniter\Database\Seeder->call('App\\Database\\Se...')
#9 C:\xampp\htdocs\codeigniter4\system\CLI\Commands.php(65): CodeIgniter\Commands\Database\Seed->run(Array)
#10 C:\xampp\htdocs\codeigniter4\system\CLI\Console.php(37): CodeIgniter\CLI\Commands->run('db:seed', Array)
#11 C:\xampp\htdocs\codeigniter4\spark(97): CodeIgniter\CLI\Console->run()
#12 {main}
CRITICAL - 2023-08-09 17:17:59 --> Invalid file: "plntilla.php"
in SYSTEMPATH\Exceptions\FrameworkException.php on line 33.
 1 SYSTEMPATH\View\View.php(212): CodeIgniter\Exceptions\FrameworkException::forInvalidFile('plntilla.php')
 2 SYSTEMPATH\Common.php(1176): CodeIgniter\View\View->render('plntilla', [], true)
 3 APPPATH\Controllers\Home.php(15): view('plntilla')
 4 SYSTEMPATH\CodeIgniter.php(932): App\Controllers\Home->plantilla()
 5 SYSTEMPATH\CodeIgniter.php(497): CodeIgniter\CodeIgniter->runController(Object(App\Controllers\Home))
 6 SYSTEMPATH\CodeIgniter.php(366): CodeIgniter\CodeIgniter->handleRequest(null, Object(Config\Cache), false)
 7 FCPATH\index.php(67): CodeIgniter\CodeIgniter->run()
CRITICAL - 2023-08-09 17:18:51 --> Invalid file: "plntilla.php"
in SYSTEMPATH\Exceptions\FrameworkException.php on line 33.
 1 SYSTEMPATH\View\View.php(212): CodeIgniter\Exceptions\FrameworkException::forInvalidFile('plntilla.php')
 2 SYSTEMPATH\Common.php(1176): CodeIgniter\View\View->render('plntilla', [], true)
 3 APPPATH\Controllers\Home.php(15): view('plntilla')
 4 SYSTEMPATH\CodeIgniter.php(932): App\Controllers\Home->plantilla()
 5 SYSTEMPATH\CodeIgniter.php(497): CodeIgniter\CodeIgniter->runController(Object(App\Controllers\Home))
 6 SYSTEMPATH\CodeIgniter.php(366): CodeIgniter\CodeIgniter->handleRequest(null, Object(Config\Cache), false)
 7 FCPATH\index.php(67): CodeIgniter\CodeIgniter->run()
CRITICAL - 2023-08-09 17:20:05 --> Invalid file: "layuots/main.php"
in SYSTEMPATH\Exceptions\FrameworkException.php on line 33.
 1 SYSTEMPATH\View\View.php(212): CodeIgniter\Exceptions\FrameworkException::forInvalidFile('layuots/main.php')
 2 SYSTEMPATH\View\View.php(240): CodeIgniter\View\View->render('layuots/main', [], true)
 3 SYSTEMPATH\Common.php(1176): CodeIgniter\View\View->render('plantilla', [], true)
 4 APPPATH\Controllers\Home.php(15): view('plantilla')
 5 SYSTEMPATH\CodeIgniter.php(932): App\Controllers\Home->plantilla()
 6 SYSTEMPATH\CodeIgniter.php(497): CodeIgniter\CodeIgniter->runController(Object(App\Controllers\Home))
 7 SYSTEMPATH\CodeIgniter.php(366): CodeIgniter\CodeIgniter->handleRequest(null, Object(Config\Cache), false)
 8 FCPATH\index.php(67): CodeIgniter\CodeIgniter->run()
CRITICAL - 2023-08-09 17:22:55 --> Invalid file: "layuouts/main.php"
in SYSTEMPATH\Exceptions\FrameworkException.php on line 33.
 1 SYSTEMPATH\View\View.php(212): CodeIgniter\Exceptions\FrameworkException::forInvalidFile('layuouts/main.php')
 2 SYSTEMPATH\View\View.php(240): CodeIgniter\View\View->render('layuouts/main', [], true)
 3 SYSTEMPATH\Common.php(1176): CodeIgniter\View\View->render('plantilla', [], true)
 4 APPPATH\Controllers\Home.php(15): view('plantilla')
 5 SYSTEMPATH\CodeIgniter.php(932): App\Controllers\Home->plantilla()
 6 SYSTEMPATH\CodeIgniter.php(497): CodeIgniter\CodeIgniter->runController(Object(App\Controllers\Home))
 7 SYSTEMPATH\CodeIgniter.php(366): CodeIgniter\CodeIgniter->handleRequest(null, Object(Config\Cache), false)
 8 FCPATH\index.php(67): CodeIgniter\CodeIgniter->run()
CRITICAL - 2023-08-09 17:22:59 --> Invalid file: "layuouts/main.php"
in SYSTEMPATH\Exceptions\FrameworkException.php on line 33.
 1 SYSTEMPATH\View\View.php(212): CodeIgniter\Exceptions\FrameworkException::forInvalidFile('layuouts/main.php')
 2 SYSTEMPATH\View\View.php(240): CodeIgniter\View\View->render('layuouts/main', [], true)
 3 SYSTEMPATH\Common.php(1176): CodeIgniter\View\View->render('plantilla', [], true)
 4 APPPATH\Controllers\Home.php(15): view('plantilla')
 5 SYSTEMPATH\CodeIgniter.php(932): App\Controllers\Home->plantilla()
 6 SYSTEMPATH\CodeIgniter.php(497): CodeIgniter\CodeIgniter->runController(Object(App\Controllers\Home))
 7 SYSTEMPATH\CodeIgniter.php(366): CodeIgniter\CodeIgniter->handleRequest(null, Object(Config\Cache), false)
 8 FCPATH\index.php(67): CodeIgniter\CodeIgniter->run()
