INFO - 2024-05-30 16:55:33 --> Session: Class initialized using 'CodeIgniter\Session\Handlers\FileHandler' driver.
INFO - 2024-05-30 16:55:42 --> CSRF token verified.
INFO - 2024-05-30 16:55:42 --> Session: Class initialized using 'CodeIgniter\Session\Handlers\FileHandler' driver.
INFO - 2024-05-30 16:55:42 --> Session: Class initialized using 'CodeIgniter\Session\Handlers\FileHandler' driver.
INFO - 2024-05-30 16:55:47 --> Session: Class initialized using 'CodeIgniter\Session\Handlers\FileHandler' driver.
INFO - 2024-05-30 16:56:06 --> Session: Class initialized using 'CodeIgniter\Session\Handlers\FileHandler' driver.
INFO - 2024-05-30 16:56:06 --> Session: Class initialized using 'CodeIgniter\Session\Handlers\FileHandler' driver.
INFO - 2024-05-30 16:56:12 --> Session: Class initialized using 'CodeIgniter\Session\Handlers\FileHandler' driver.
INFO - 2024-05-30 16:56:16 --> Session: Class initialized using 'CodeIgniter\Session\Handlers\FileHandler' driver.
INFO - 2024-05-30 16:56:16 --> Session: Class initialized using 'CodeIgniter\Session\Handlers\FileHandler' driver.
INFO - 2024-05-30 16:56:19 --> CSRF token verified.
INFO - 2024-05-30 16:56:19 --> Session: Class initialized using 'CodeIgniter\Session\Handlers\FileHandler' driver.
INFO - 2024-05-30 16:56:19 --> Session: Class initialized using 'CodeIgniter\Session\Handlers\FileHandler' driver.
INFO - 2024-05-30 16:56:19 --> Session: Class initialized using 'CodeIgniter\Session\Handlers\FileHandler' driver.
INFO - 2024-05-30 16:56:21 --> Session: Class initialized using 'CodeIgniter\Session\Handlers\FileHandler' driver.
INFO - 2024-05-30 16:56:25 --> Session: Class initialized using 'CodeIgniter\Session\Handlers\FileHandler' driver.
INFO - 2024-05-30 16:56:25 --> Session: Class initialized using 'CodeIgniter\Session\Handlers\FileHandler' driver.
INFO - 2024-05-30 16:56:26 --> CSRF token verified.
INFO - 2024-05-30 16:56:26 --> Session: Class initialized using 'CodeIgniter\Session\Handlers\FileHandler' driver.
INFO - 2024-05-30 16:56:27 --> Session: Class initialized using 'CodeIgniter\Session\Handlers\FileHandler' driver.
INFO - 2024-05-30 16:56:27 --> Session: Class initialized using 'CodeIgniter\Session\Handlers\FileHandler' driver.
INFO - 2024-05-30 16:56:29 --> Session: Class initialized using 'CodeIgniter\Session\Handlers\FileHandler' driver.
INFO - 2024-05-30 16:56:32 --> Session: Class initialized using 'CodeIgniter\Session\Handlers\FileHandler' driver.
INFO - 2024-05-30 16:56:32 --> Session: Class initialized using 'CodeIgniter\Session\Handlers\FileHandler' driver.
INFO - 2024-05-30 16:56:34 --> CSRF token verified.
INFO - 2024-05-30 16:56:34 --> Session: Class initialized using 'CodeIgniter\Session\Handlers\FileHandler' driver.
INFO - 2024-05-30 16:56:34 --> Session: Class initialized using 'CodeIgniter\Session\Handlers\FileHandler' driver.
INFO - 2024-05-30 16:56:34 --> Session: Class initialized using 'CodeIgniter\Session\Handlers\FileHandler' driver.
INFO - 2024-05-30 16:56:36 --> CSRF token verified.
INFO - 2024-05-30 16:56:36 --> Session: Class initialized using 'CodeIgniter\Session\Handlers\FileHandler' driver.
INFO - 2024-05-30 16:56:36 --> Session: Class initialized using 'CodeIgniter\Session\Handlers\FileHandler' driver.
INFO - 2024-05-30 16:56:36 --> Session: Class initialized using 'CodeIgniter\Session\Handlers\FileHandler' driver.
INFO - 2024-05-30 16:56:42 --> Session: Class initialized using 'CodeIgniter\Session\Handlers\FileHandler' driver.
INFO - 2024-05-30 16:56:45 --> Session: Class initialized using 'CodeIgniter\Session\Handlers\FileHandler' driver.
INFO - 2024-05-30 16:57:03 --> CSRF token verified.
INFO - 2024-05-30 16:57:03 --> Session: Class initialized using 'CodeIgniter\Session\Handlers\FileHandler' driver.
INFO - 2024-05-30 16:57:03 --> Session: Class initialized using 'CodeIgniter\Session\Handlers\FileHandler' driver.
INFO - 2024-05-30 16:57:08 --> Session: Class initialized using 'CodeIgniter\Session\Handlers\FileHandler' driver.
INFO - 2024-05-30 16:58:00 --> CSRF token verified.
INFO - 2024-05-30 16:58:00 --> Session: Class initialized using 'CodeIgniter\Session\Handlers\FileHandler' driver.
INFO - 2024-05-30 16:58:02 --> Session: Class initialized using 'CodeIgniter\Session\Handlers\FileHandler' driver.
INFO - 2024-05-30 17:05:30 --> Session: Class initialized using 'CodeIgniter\Session\Handlers\FileHandler' driver.
INFO - 2024-05-30 17:05:35 --> Session: Class initialized using 'CodeIgniter\Session\Handlers\FileHandler' driver.
INFO - 2024-05-30 17:05:36 --> Session: Class initialized using 'CodeIgniter\Session\Handlers\FileHandler' driver.
INFO - 2024-05-30 17:05:38 --> Session: Class initialized using 'CodeIgniter\Session\Handlers\FileHandler' driver.
INFO - 2024-05-30 17:05:43 --> CSRF token verified.
INFO - 2024-05-30 17:05:43 --> Session: Class initialized using 'CodeIgniter\Session\Handlers\FileHandler' driver.
INFO - 2024-05-30 17:05:45 --> Session: Class initialized using 'CodeIgniter\Session\Handlers\FileHandler' driver.
INFO - 2024-05-30 17:05:49 --> CSRF token verified.
INFO - 2024-05-30 17:05:49 --> Session: Class initialized using 'CodeIgniter\Session\Handlers\FileHandler' driver.
INFO - 2024-05-30 17:05:51 --> Session: Class initialized using 'CodeIgniter\Session\Handlers\FileHandler' driver.
INFO - 2024-05-30 17:05:55 --> CSRF token verified.
INFO - 2024-05-30 17:05:55 --> Session: Class initialized using 'CodeIgniter\Session\Handlers\FileHandler' driver.
INFO - 2024-05-30 17:05:58 --> Session: Class initialized using 'CodeIgniter\Session\Handlers\FileHandler' driver.
INFO - 2024-05-30 17:06:02 --> CSRF token verified.
INFO - 2024-05-30 17:06:02 --> Session: Class initialized using 'CodeIgniter\Session\Handlers\FileHandler' driver.
INFO - 2024-05-30 17:06:04 --> Session: Class initialized using 'CodeIgniter\Session\Handlers\FileHandler' driver.
INFO - 2024-05-30 17:06:13 --> Session: Class initialized using 'CodeIgniter\Session\Handlers\FileHandler' driver.
INFO - 2024-05-30 17:06:13 --> Session: Class initialized using 'CodeIgniter\Session\Handlers\FileHandler' driver.
INFO - 2024-05-30 17:06:28 --> Session: Class initialized using 'CodeIgniter\Session\Handlers\FileHandler' driver.
INFO - 2024-05-30 17:06:31 --> Session: Class initialized using 'CodeIgniter\Session\Handlers\FileHandler' driver.
INFO - 2024-05-30 17:06:42 --> CSRF token verified.
INFO - 2024-05-30 17:06:42 --> Session: Class initialized using 'CodeIgniter\Session\Handlers\FileHandler' driver.
INFO - 2024-05-30 17:06:42 --> Session: Class initialized using 'CodeIgniter\Session\Handlers\FileHandler' driver.
INFO - 2024-05-30 17:06:46 --> Session: Class initialized using 'CodeIgniter\Session\Handlers\FileHandler' driver.
INFO - 2024-05-30 17:06:46 --> Session: Class initialized using 'CodeIgniter\Session\Handlers\FileHandler' driver.
INFO - 2024-05-30 17:14:14 --> Session: Class initialized using 'CodeIgniter\Session\Handlers\FileHandler' driver.
INFO - 2024-05-30 17:14:14 --> Session: Class initialized using 'CodeIgniter\Session\Handlers\FileHandler' driver.
INFO - 2024-05-30 17:14:37 --> Session: Class initialized using 'CodeIgniter\Session\Handlers\FileHandler' driver.
INFO - 2024-05-30 17:14:38 --> Session: Class initialized using 'CodeIgniter\Session\Handlers\FileHandler' driver.
INFO - 2024-05-30 17:15:12 --> Session: Class initialized using 'CodeIgniter\Session\Handlers\FileHandler' driver.
INFO - 2024-05-30 17:15:12 --> Session: Class initialized using 'CodeIgniter\Session\Handlers\FileHandler' driver.
INFO - 2024-05-30 17:16:17 --> Session: Class initialized using 'CodeIgniter\Session\Handlers\FileHandler' driver.
INFO - 2024-05-30 17:16:17 --> Session: Class initialized using 'CodeIgniter\Session\Handlers\FileHandler' driver.
INFO - 2024-05-30 17:17:14 --> Session: Class initialized using 'CodeIgniter\Session\Handlers\FileHandler' driver.
INFO - 2024-05-30 17:17:15 --> Session: Class initialized using 'CodeIgniter\Session\Handlers\FileHandler' driver.
INFO - 2024-05-30 17:19:47 --> Session: Class initialized using 'CodeIgniter\Session\Handlers\FileHandler' driver.
INFO - 2024-05-30 17:19:48 --> Session: Class initialized using 'CodeIgniter\Session\Handlers\FileHandler' driver.
INFO - 2024-05-30 17:20:18 --> Session: Class initialized using 'CodeIgniter\Session\Handlers\FileHandler' driver.
INFO - 2024-05-30 17:20:18 --> Session: Class initialized using 'CodeIgniter\Session\Handlers\FileHandler' driver.
INFO - 2024-05-30 17:21:53 --> Session: Class initialized using 'CodeIgniter\Session\Handlers\FileHandler' driver.
INFO - 2024-05-30 17:21:54 --> Session: Class initialized using 'CodeIgniter\Session\Handlers\FileHandler' driver.
INFO - 2024-05-30 17:22:11 --> Session: Class initialized using 'CodeIgniter\Session\Handlers\FileHandler' driver.
INFO - 2024-05-30 17:22:11 --> Session: Class initialized using 'CodeIgniter\Session\Handlers\FileHandler' driver.
INFO - 2024-05-30 17:22:32 --> Session: Class initialized using 'CodeIgniter\Session\Handlers\FileHandler' driver.
INFO - 2024-05-30 17:22:38 --> CSRF token verified.
INFO - 2024-05-30 17:22:38 --> Session: Class initialized using 'CodeIgniter\Session\Handlers\FileHandler' driver.
INFO - 2024-05-30 17:22:41 --> Session: Class initialized using 'CodeIgniter\Session\Handlers\FileHandler' driver.
INFO - 2024-05-30 17:22:47 --> Session: Class initialized using 'CodeIgniter\Session\Handlers\FileHandler' driver.
INFO - 2024-05-30 17:22:47 --> Session: Class initialized using 'CodeIgniter\Session\Handlers\FileHandler' driver.
INFO - 2024-05-30 17:57:37 --> Session: Class initialized using 'CodeIgniter\Session\Handlers\FileHandler' driver.
INFO - 2024-05-30 17:57:37 --> Session: Class initialized using 'CodeIgniter\Session\Handlers\FileHandler' driver.
INFO - 2024-05-30 17:57:37 --> Session: Class initialized using 'CodeIgniter\Session\Handlers\FileHandler' driver.
INFO - 2024-05-30 17:59:54 --> Session: Class initialized using 'CodeIgniter\Session\Handlers\FileHandler' driver.
INFO - 2024-05-30 17:59:54 --> Session: Class initialized using 'CodeIgniter\Session\Handlers\FileHandler' driver.
INFO - 2024-05-30 18:00:20 --> Session: Class initialized using 'CodeIgniter\Session\Handlers\FileHandler' driver.
INFO - 2024-05-30 18:00:20 --> Session: Class initialized using 'CodeIgniter\Session\Handlers\FileHandler' driver.
INFO - 2024-05-30 18:01:25 --> Session: Class initialized using 'CodeIgniter\Session\Handlers\FileHandler' driver.
INFO - 2024-05-30 18:01:26 --> Session: Class initialized using 'CodeIgniter\Session\Handlers\FileHandler' driver.
INFO - 2024-05-30 18:01:57 --> Session: Class initialized using 'CodeIgniter\Session\Handlers\FileHandler' driver.
INFO - 2024-05-30 18:01:58 --> Session: Class initialized using 'CodeIgniter\Session\Handlers\FileHandler' driver.
INFO - 2024-05-30 18:02:48 --> Session: Class initialized using 'CodeIgniter\Session\Handlers\FileHandler' driver.
INFO - 2024-05-30 18:02:51 --> Session: Class initialized using 'CodeIgniter\Session\Handlers\FileHandler' driver.
INFO - 2024-05-30 18:03:02 --> CSRF token verified.
INFO - 2024-05-30 18:03:02 --> Session: Class initialized using 'CodeIgniter\Session\Handlers\FileHandler' driver.
INFO - 2024-05-30 18:03:02 --> Session: Class initialized using 'CodeIgniter\Session\Handlers\FileHandler' driver.
INFO - 2024-05-30 18:03:08 --> Session: Class initialized using 'CodeIgniter\Session\Handlers\FileHandler' driver.
INFO - 2024-05-30 18:03:08 --> Session: Class initialized using 'CodeIgniter\Session\Handlers\FileHandler' driver.
INFO - 2024-05-30 18:05:26 --> Session: Class initialized using 'CodeIgniter\Session\Handlers\FileHandler' driver.
INFO - 2024-05-30 18:05:27 --> Session: Class initialized using 'CodeIgniter\Session\Handlers\FileHandler' driver.
INFO - 2024-05-30 18:09:15 --> Session: Class initialized using 'CodeIgniter\Session\Handlers\FileHandler' driver.
INFO - 2024-05-30 18:09:16 --> Session: Class initialized using 'CodeIgniter\Session\Handlers\FileHandler' driver.
INFO - 2024-05-30 18:09:37 --> Session: Class initialized using 'CodeIgniter\Session\Handlers\FileHandler' driver.
INFO - 2024-05-30 18:09:38 --> Session: Class initialized using 'CodeIgniter\Session\Handlers\FileHandler' driver.
INFO - 2024-05-30 18:09:38 --> Session: Class initialized using 'CodeIgniter\Session\Handlers\FileHandler' driver.
INFO - 2024-05-30 18:10:10 --> Session: Class initialized using 'CodeIgniter\Session\Handlers\FileHandler' driver.
INFO - 2024-05-30 18:10:17 --> CSRF token verified.
INFO - 2024-05-30 18:10:17 --> Session: Class initialized using 'CodeIgniter\Session\Handlers\FileHandler' driver.
INFO - 2024-05-30 18:10:20 --> Session: Class initialized using 'CodeIgniter\Session\Handlers\FileHandler' driver.
INFO - 2024-05-30 18:10:45 --> Session: Class initialized using 'CodeIgniter\Session\Handlers\FileHandler' driver.
INFO - 2024-05-30 18:10:46 --> Session: Class initialized using 'CodeIgniter\Session\Handlers\FileHandler' driver.
INFO - 2024-05-30 18:10:46 --> Session: Class initialized using 'CodeIgniter\Session\Handlers\FileHandler' driver.
INFO - 2024-05-30 18:11:09 --> Session: Class initialized using 'CodeIgniter\Session\Handlers\FileHandler' driver.
INFO - 2024-05-30 18:11:09 --> Session: Class initialized using 'CodeIgniter\Session\Handlers\FileHandler' driver.
INFO - 2024-05-30 18:11:13 --> Session: Class initialized using 'CodeIgniter\Session\Handlers\FileHandler' driver.
INFO - 2024-05-30 18:11:23 --> Session: Class initialized using 'CodeIgniter\Session\Handlers\FileHandler' driver.
INFO - 2024-05-30 18:11:27 --> Session: Class initialized using 'CodeIgniter\Session\Handlers\FileHandler' driver.
INFO - 2024-05-30 18:11:53 --> Session: Class initialized using 'CodeIgniter\Session\Handlers\FileHandler' driver.
INFO - 2024-05-30 18:11:54 --> Session: Class initialized using 'CodeIgniter\Session\Handlers\FileHandler' driver.
INFO - 2024-05-30 18:11:54 --> Session: Class initialized using 'CodeIgniter\Session\Handlers\FileHandler' driver.
INFO - 2024-05-30 18:11:59 --> Session: Class initialized using 'CodeIgniter\Session\Handlers\FileHandler' driver.
INFO - 2024-05-30 18:12:03 --> CSRF token verified.
INFO - 2024-05-30 18:12:03 --> Session: Class initialized using 'CodeIgniter\Session\Handlers\FileHandler' driver.
INFO - 2024-05-30 18:12:06 --> Session: Class initialized using 'CodeIgniter\Session\Handlers\FileHandler' driver.
INFO - 2024-05-30 18:12:12 --> Session: Class initialized using 'CodeIgniter\Session\Handlers\FileHandler' driver.
INFO - 2024-05-30 18:12:12 --> Session: Class initialized using 'CodeIgniter\Session\Handlers\FileHandler' driver.
INFO - 2024-05-30 18:12:12 --> Session: Class initialized using 'CodeIgniter\Session\Handlers\FileHandler' driver.
INFO - 2024-05-30 18:12:35 --> Session: Class initialized using 'CodeIgniter\Session\Handlers\FileHandler' driver.
INFO - 2024-05-30 18:12:44 --> Session: Class initialized using 'CodeIgniter\Session\Handlers\FileHandler' driver.
INFO - 2024-05-30 18:12:45 --> Session: Class initialized using 'CodeIgniter\Session\Handlers\FileHandler' driver.
INFO - 2024-05-30 18:12:45 --> Session: Class initialized using 'CodeIgniter\Session\Handlers\FileHandler' driver.
INFO - 2024-05-30 18:13:48 --> Session: Class initialized using 'CodeIgniter\Session\Handlers\FileHandler' driver.
INFO - 2024-05-30 18:20:47 --> Session: Class initialized using 'CodeIgniter\Session\Handlers\FileHandler' driver.
INFO - 2024-05-30 18:23:31 --> Session: Class initialized using 'CodeIgniter\Session\Handlers\FileHandler' driver.
INFO - 2024-05-30 18:24:30 --> Session: Class initialized using 'CodeIgniter\Session\Handlers\FileHandler' driver.
INFO - 2024-05-30 18:24:34 --> CSRF token verified.
INFO - 2024-05-30 18:24:34 --> Session: Class initialized using 'CodeIgniter\Session\Handlers\FileHandler' driver.
CRITICAL - 2024-05-30 18:24:34 --> Archivo inválido: recibo.php
in SYSTEMPATH\Exceptions\FrameworkException.php on line 33.
 1 SYSTEMPATH\View\View.php(201): CodeIgniter\Exceptions\FrameworkException::forInvalidFile('recibo.php')
 2 SYSTEMPATH\Common.php(1184): CodeIgniter\View\View->render('recibo', [], true)
 3 APPPATH\Controllers\PrestamosController.php(692): view('recibo', [...])
 4 SYSTEMPATH\CodeIgniter.php(934): App\Controllers\PrestamosController->generarRecibo('160')
 5 SYSTEMPATH\CodeIgniter.php(499): CodeIgniter\CodeIgniter->runController(Object(App\Controllers\PrestamosController))
 6 SYSTEMPATH\CodeIgniter.php(368): CodeIgniter\CodeIgniter->handleRequest(null, Object(Config\Cache), false)
 7 FCPATH\index.php(67): CodeIgniter\CodeIgniter->run()
INFO - 2024-05-30 18:26:11 --> Session: Class initialized using 'CodeIgniter\Session\Handlers\FileHandler' driver.
INFO - 2024-05-30 18:26:13 --> CSRF token verified.
INFO - 2024-05-30 18:26:13 --> Session: Class initialized using 'CodeIgniter\Session\Handlers\FileHandler' driver.
CRITICAL - 2024-05-30 18:26:13 --> Archivo inválido: recibo.php
in SYSTEMPATH\Exceptions\FrameworkException.php on line 33.
 1 SYSTEMPATH\View\View.php(201): CodeIgniter\Exceptions\FrameworkException::forInvalidFile('recibo.php')
 2 SYSTEMPATH\Common.php(1184): CodeIgniter\View\View->render('recibo', [], true)
 3 APPPATH\Controllers\PrestamosController.php(692): view('recibo', [...])
 4 SYSTEMPATH\CodeIgniter.php(934): App\Controllers\PrestamosController->generarRecibo('160')
 5 SYSTEMPATH\CodeIgniter.php(499): CodeIgniter\CodeIgniter->runController(Object(App\Controllers\PrestamosController))
 6 SYSTEMPATH\CodeIgniter.php(368): CodeIgniter\CodeIgniter->handleRequest(null, Object(Config\Cache), false)
 7 FCPATH\index.php(67): CodeIgniter\CodeIgniter->run()
INFO - 2024-05-30 18:27:24 --> Session: Class initialized using 'CodeIgniter\Session\Handlers\FileHandler' driver.
INFO - 2024-05-30 18:27:26 --> Session: Class initialized using 'CodeIgniter\Session\Handlers\FileHandler' driver.
INFO - 2024-05-30 18:28:04 --> Session: Class initialized using 'CodeIgniter\Session\Handlers\FileHandler' driver.
INFO - 2024-05-30 18:28:04 --> Session: Class initialized using 'CodeIgniter\Session\Handlers\FileHandler' driver.
INFO - 2024-05-30 18:28:04 --> Session: Class initialized using 'CodeIgniter\Session\Handlers\FileHandler' driver.
INFO - 2024-05-30 18:28:44 --> Session: Class initialized using 'CodeIgniter\Session\Handlers\FileHandler' driver.
INFO - 2024-05-30 18:28:45 --> Session: Class initialized using 'CodeIgniter\Session\Handlers\FileHandler' driver.
INFO - 2024-05-30 18:28:45 --> Session: Class initialized using 'CodeIgniter\Session\Handlers\FileHandler' driver.
INFO - 2024-05-30 18:28:51 --> Session: Class initialized using 'CodeIgniter\Session\Handlers\FileHandler' driver.
INFO - 2024-05-30 18:40:27 --> Session: Class initialized using 'CodeIgniter\Session\Handlers\FileHandler' driver.
INFO - 2024-05-30 18:40:31 --> Session: Class initialized using 'CodeIgniter\Session\Handlers\FileHandler' driver.
INFO - 2024-05-30 18:40:32 --> Session: Class initialized using 'CodeIgniter\Session\Handlers\FileHandler' driver.
INFO - 2024-05-30 18:40:32 --> Session: Class initialized using 'CodeIgniter\Session\Handlers\FileHandler' driver.
INFO - 2024-05-30 18:40:36 --> Session: Class initialized using 'CodeIgniter\Session\Handlers\FileHandler' driver.
INFO - 2024-05-30 18:40:38 --> Session: Class initialized using 'CodeIgniter\Session\Handlers\FileHandler' driver.
INFO - 2024-05-30 18:40:55 --> CSRF token verified.
INFO - 2024-05-30 18:40:55 --> Session: Class initialized using 'CodeIgniter\Session\Handlers\FileHandler' driver.
INFO - 2024-05-30 18:40:55 --> Session: Class initialized using 'CodeIgniter\Session\Handlers\FileHandler' driver.
INFO - 2024-05-30 18:40:59 --> CSRF token verified.
INFO - 2024-05-30 18:40:59 --> Session: Class initialized using 'CodeIgniter\Session\Handlers\FileHandler' driver.
INFO - 2024-05-30 18:41:03 --> Session: Class initialized using 'CodeIgniter\Session\Handlers\FileHandler' driver.
INFO - 2024-05-30 18:41:08 --> CSRF token verified.
INFO - 2024-05-30 18:41:08 --> Session: Class initialized using 'CodeIgniter\Session\Handlers\FileHandler' driver.
INFO - 2024-05-30 18:42:48 --> Session: Class initialized using 'CodeIgniter\Session\Handlers\FileHandler' driver.
INFO - 2024-05-30 18:46:44 --> Session: Class initialized using 'CodeIgniter\Session\Handlers\FileHandler' driver.
INFO - 2024-05-30 18:46:47 --> Session: Class initialized using 'CodeIgniter\Session\Handlers\FileHandler' driver.
INFO - 2024-05-30 18:46:56 --> CSRF token verified.
INFO - 2024-05-30 18:46:56 --> Session: Class initialized using 'CodeIgniter\Session\Handlers\FileHandler' driver.
INFO - 2024-05-30 18:46:56 --> Session: Class initialized using 'CodeIgniter\Session\Handlers\FileHandler' driver.
INFO - 2024-05-30 18:47:11 --> CSRF token verified.
INFO - 2024-05-30 18:47:11 --> Session: Class initialized using 'CodeIgniter\Session\Handlers\FileHandler' driver.
INFO - 2024-05-30 18:47:13 --> Session: Class initialized using 'CodeIgniter\Session\Handlers\FileHandler' driver.
INFO - 2024-05-30 18:47:18 --> CSRF token verified.
INFO - 2024-05-30 18:47:18 --> Session: Class initialized using 'CodeIgniter\Session\Handlers\FileHandler' driver.
INFO - 2024-05-30 18:47:24 --> Session: Class initialized using 'CodeIgniter\Session\Handlers\FileHandler' driver.
INFO - 2024-05-30 18:49:31 --> Session: Class initialized using 'CodeIgniter\Session\Handlers\FileHandler' driver.
INFO - 2024-05-30 18:55:12 --> Session: Class initialized using 'CodeIgniter\Session\Handlers\FileHandler' driver.
INFO - 2024-05-30 18:55:12 --> Session: Class initialized using 'CodeIgniter\Session\Handlers\FileHandler' driver.
INFO - 2024-05-30 18:55:12 --> Session: Class initialized using 'CodeIgniter\Session\Handlers\FileHandler' driver.
INFO - 2024-05-30 18:55:36 --> Session: Class initialized using 'CodeIgniter\Session\Handlers\FileHandler' driver.
INFO - 2024-05-30 18:55:40 --> Session: Class initialized using 'CodeIgniter\Session\Handlers\FileHandler' driver.
INFO - 2024-05-30 18:55:41 --> Session: Class initialized using 'CodeIgniter\Session\Handlers\FileHandler' driver.
INFO - 2024-05-30 18:55:50 --> Session: Class initialized using 'CodeIgniter\Session\Handlers\FileHandler' driver.
INFO - 2024-05-30 18:55:53 --> Session: Class initialized using 'CodeIgniter\Session\Handlers\FileHandler' driver.
INFO - 2024-05-30 18:55:54 --> Session: Class initialized using 'CodeIgniter\Session\Handlers\FileHandler' driver.
INFO - 2024-05-30 18:56:01 --> CSRF token verified.
INFO - 2024-05-30 18:56:01 --> Session: Class initialized using 'CodeIgniter\Session\Handlers\FileHandler' driver.
INFO - 2024-05-30 18:56:01 --> Session: Class initialized using 'CodeIgniter\Session\Handlers\FileHandler' driver.
INFO - 2024-05-30 18:56:01 --> Session: Class initialized using 'CodeIgniter\Session\Handlers\FileHandler' driver.
INFO - 2024-05-30 18:56:03 --> CSRF token verified.
INFO - 2024-05-30 18:56:03 --> Session: Class initialized using 'CodeIgniter\Session\Handlers\FileHandler' driver.
INFO - 2024-05-30 18:56:04 --> Session: Class initialized using 'CodeIgniter\Session\Handlers\FileHandler' driver.
INFO - 2024-05-30 18:56:04 --> Session: Class initialized using 'CodeIgniter\Session\Handlers\FileHandler' driver.
INFO - 2024-05-30 18:56:06 --> Session: Class initialized using 'CodeIgniter\Session\Handlers\FileHandler' driver.
INFO - 2024-05-30 18:56:49 --> CSRF token verified.
INFO - 2024-05-30 18:56:49 --> Session: Class initialized using 'CodeIgniter\Session\Handlers\FileHandler' driver.
INFO - 2024-05-30 18:57:13 --> Session: Class initialized using 'CodeIgniter\Session\Handlers\FileHandler' driver.
INFO - 2024-05-30 18:57:13 --> Session: Class initialized using 'CodeIgniter\Session\Handlers\FileHandler' driver.
INFO - 2024-05-30 18:57:58 --> Session: Class initialized using 'CodeIgniter\Session\Handlers\FileHandler' driver.
INFO - 2024-05-30 18:58:24 --> CSRF token verified.
INFO - 2024-05-30 18:58:24 --> Session: Class initialized using 'CodeIgniter\Session\Handlers\FileHandler' driver.
INFO - 2024-05-30 18:58:25 --> Session: Class initialized using 'CodeIgniter\Session\Handlers\FileHandler' driver.
INFO - 2024-05-30 18:58:25 --> Session: Class initialized using 'CodeIgniter\Session\Handlers\FileHandler' driver.
INFO - 2024-05-30 18:58:29 --> Session: Class initialized using 'CodeIgniter\Session\Handlers\FileHandler' driver.
INFO - 2024-05-30 18:58:29 --> Session: Class initialized using 'CodeIgniter\Session\Handlers\FileHandler' driver.
INFO - 2024-05-30 18:58:38 --> CSRF token verified.
INFO - 2024-05-30 18:58:38 --> Session: Class initialized using 'CodeIgniter\Session\Handlers\FileHandler' driver.
INFO - 2024-05-30 18:58:38 --> Session: Class initialized using 'CodeIgniter\Session\Handlers\FileHandler' driver.
INFO - 2024-05-30 18:58:45 --> Session: Class initialized using 'CodeIgniter\Session\Handlers\FileHandler' driver.
INFO - 2024-05-30 18:58:49 --> Session: Class initialized using 'CodeIgniter\Session\Handlers\FileHandler' driver.
INFO - 2024-05-30 18:59:07 --> CSRF token verified.
INFO - 2024-05-30 18:59:07 --> Session: Class initialized using 'CodeIgniter\Session\Handlers\FileHandler' driver.
INFO - 2024-05-30 18:59:07 --> Session: Class initialized using 'CodeIgniter\Session\Handlers\FileHandler' driver.
INFO - 2024-05-30 18:59:15 --> Session: Class initialized using 'CodeIgniter\Session\Handlers\FileHandler' driver.
INFO - 2024-05-30 18:59:47 --> CSRF token verified.
INFO - 2024-05-30 18:59:47 --> Session: Class initialized using 'CodeIgniter\Session\Handlers\FileHandler' driver.
INFO - 2024-05-30 18:59:49 --> Session: Class initialized using 'CodeIgniter\Session\Handlers\FileHandler' driver.
INFO - 2024-05-30 18:59:59 --> CSRF token verified.
INFO - 2024-05-30 18:59:59 --> Session: Class initialized using 'CodeIgniter\Session\Handlers\FileHandler' driver.
INFO - 2024-05-30 19:00:01 --> Session: Class initialized using 'CodeIgniter\Session\Handlers\FileHandler' driver.
INFO - 2024-05-30 19:00:05 --> CSRF token verified.
INFO - 2024-05-30 19:00:05 --> Session: Class initialized using 'CodeIgniter\Session\Handlers\FileHandler' driver.
INFO - 2024-05-30 19:00:08 --> Session: Class initialized using 'CodeIgniter\Session\Handlers\FileHandler' driver.
INFO - 2024-05-30 19:00:12 --> CSRF token verified.
INFO - 2024-05-30 19:00:12 --> Session: Class initialized using 'CodeIgniter\Session\Handlers\FileHandler' driver.
INFO - 2024-05-30 19:00:14 --> Session: Class initialized using 'CodeIgniter\Session\Handlers\FileHandler' driver.
INFO - 2024-05-30 19:00:23 --> CSRF token verified.
INFO - 2024-05-30 19:00:23 --> Session: Class initialized using 'CodeIgniter\Session\Handlers\FileHandler' driver.
INFO - 2024-05-30 19:00:30 --> Session: Class initialized using 'CodeIgniter\Session\Handlers\FileHandler' driver.
ERROR - 2024-05-30 19:23:16 --> Error connecting to the database: Error: Class "SQLite3" not found in C:\xampp\htdocs\prestamos\system\Database\SQLite3\Connection.php:89
Stack trace:
#0 C:\xampp\htdocs\prestamos\system\Database\BaseConnection.php(391): CodeIgniter\Database\SQLite3\Connection->connect(false)
#1 C:\xampp\htdocs\prestamos\system\Database\SQLite3\Connection.php(59): CodeIgniter\Database\BaseConnection->initialize()
#2 C:\xampp\htdocs\prestamos\system\Test\DatabaseTestTrait.php(74): CodeIgniter\Database\SQLite3\Connection->initialize()
#3 C:\xampp\htdocs\prestamos\system\Test\DatabaseTestTrait.php(54): ExampleDatabaseTest->loadDependencies()
#4 C:\xampp\htdocs\prestamos\system\Test\CIUnitTestCase.php(248): ExampleDatabaseTest->setUpDatabase()
#5 C:\xampp\htdocs\prestamos\vendor\phpunit\phpunit\src\Framework\TestCase.php(1211): CodeIgniter\Test\CIUnitTestCase->setUp()
#6 C:\xampp\htdocs\prestamos\vendor\phpunit\phpunit\src\Framework\TestResult.php(728): PHPUnit\Framework\TestCase->runBare()
#7 C:\xampp\htdocs\prestamos\vendor\phpunit\phpunit\src\Framework\TestCase.php(968): PHPUnit\Framework\TestResult->run(Object(ExampleDatabaseTest))
#8 C:\xampp\htdocs\prestamos\vendor\phpunit\phpunit\src\Framework\TestSuite.php(684): PHPUnit\Framework\TestCase->run(Object(PHPUnit\Framework\TestResult))
#9 C:\xampp\htdocs\prestamos\vendor\phpunit\phpunit\src\Framework\TestSuite.php(684): PHPUnit\Framework\TestSuite->run(Object(PHPUnit\Framework\TestResult))
#10 C:\xampp\htdocs\prestamos\vendor\phpunit\phpunit\src\Framework\TestSuite.php(684): PHPUnit\Framework\TestSuite->run(Object(PHPUnit\Framework\TestResult))
#11 C:\xampp\htdocs\prestamos\vendor\phpunit\phpunit\src\TextUI\TestRunner.php(651): PHPUnit\Framework\TestSuite->run(Object(PHPUnit\Framework\TestResult))
#12 C:\xampp\htdocs\prestamos\vendor\phpunit\phpunit\src\TextUI\Command.php(144): PHPUnit\TextUI\TestRunner->run(Object(PHPUnit\Framework\TestSuite), Array, Array, true)
#13 C:\xampp\htdocs\prestamos\vendor\phpunit\phpunit\src\TextUI\Command.php(97): PHPUnit\TextUI\Command->run(Array, true)
#14 C:\xampp\htdocs\prestamos\vendor\phpunit\phpunit\phpunit(107): PHPUnit\TextUI\Command::main()
#15 C:\xampp\htdocs\prestamos\vendor\bin\phpunit(122): include('C:\\xampp\\htdocs...')
#16 {main}
ERROR - 2024-05-30 19:23:16 --> Error connecting to the database: Error: Class "SQLite3" not found in C:\xampp\htdocs\prestamos\system\Database\SQLite3\Connection.php:89
Stack trace:
#0 C:\xampp\htdocs\prestamos\system\Database\BaseConnection.php(391): CodeIgniter\Database\SQLite3\Connection->connect(false)
#1 C:\xampp\htdocs\prestamos\system\Database\SQLite3\Connection.php(59): CodeIgniter\Database\BaseConnection->initialize()
#2 C:\xampp\htdocs\prestamos\system\Test\DatabaseTestTrait.php(74): CodeIgniter\Database\SQLite3\Connection->initialize()
#3 C:\xampp\htdocs\prestamos\system\Test\DatabaseTestTrait.php(54): ExampleDatabaseTest->loadDependencies()
#4 C:\xampp\htdocs\prestamos\system\Test\CIUnitTestCase.php(248): ExampleDatabaseTest->setUpDatabase()
#5 C:\xampp\htdocs\prestamos\vendor\phpunit\phpunit\src\Framework\TestCase.php(1211): CodeIgniter\Test\CIUnitTestCase->setUp()
#6 C:\xampp\htdocs\prestamos\vendor\phpunit\phpunit\src\Framework\TestResult.php(728): PHPUnit\Framework\TestCase->runBare()
#7 C:\xampp\htdocs\prestamos\vendor\phpunit\phpunit\src\Framework\TestCase.php(968): PHPUnit\Framework\TestResult->run(Object(ExampleDatabaseTest))
#8 C:\xampp\htdocs\prestamos\vendor\phpunit\phpunit\src\Framework\TestSuite.php(684): PHPUnit\Framework\TestCase->run(Object(PHPUnit\Framework\TestResult))
#9 C:\xampp\htdocs\prestamos\vendor\phpunit\phpunit\src\Framework\TestSuite.php(684): PHPUnit\Framework\TestSuite->run(Object(PHPUnit\Framework\TestResult))
#10 C:\xampp\htdocs\prestamos\vendor\phpunit\phpunit\src\Framework\TestSuite.php(684): PHPUnit\Framework\TestSuite->run(Object(PHPUnit\Framework\TestResult))
#11 C:\xampp\htdocs\prestamos\vendor\phpunit\phpunit\src\TextUI\TestRunner.php(651): PHPUnit\Framework\TestSuite->run(Object(PHPUnit\Framework\TestResult))
#12 C:\xampp\htdocs\prestamos\vendor\phpunit\phpunit\src\TextUI\Command.php(144): PHPUnit\TextUI\TestRunner->run(Object(PHPUnit\Framework\TestSuite), Array, Array, true)
#13 C:\xampp\htdocs\prestamos\vendor\phpunit\phpunit\src\TextUI\Command.php(97): PHPUnit\TextUI\Command->run(Array, true)
#14 C:\xampp\htdocs\prestamos\vendor\phpunit\phpunit\phpunit(107): PHPUnit\TextUI\Command::main()
#15 C:\xampp\htdocs\prestamos\vendor\bin\phpunit(122): include('C:\\xampp\\htdocs...')
#16 {main}
ERROR - 2024-05-30 19:25:41 --> Error connecting to the database: Error: Class "SQLite3" not found in C:\xampp\htdocs\prestamos\system\Database\SQLite3\Connection.php:89
Stack trace:
#0 C:\xampp\htdocs\prestamos\system\Database\BaseConnection.php(391): CodeIgniter\Database\SQLite3\Connection->connect(false)
#1 C:\xampp\htdocs\prestamos\system\Database\SQLite3\Connection.php(59): CodeIgniter\Database\BaseConnection->initialize()
#2 C:\xampp\htdocs\prestamos\system\Test\DatabaseTestTrait.php(74): CodeIgniter\Database\SQLite3\Connection->initialize()
#3 C:\xampp\htdocs\prestamos\system\Test\DatabaseTestTrait.php(54): ExampleDatabaseTest->loadDependencies()
#4 C:\xampp\htdocs\prestamos\system\Test\CIUnitTestCase.php(248): ExampleDatabaseTest->setUpDatabase()
#5 C:\xampp\htdocs\prestamos\vendor\phpunit\phpunit\src\Framework\TestCase.php(1211): CodeIgniter\Test\CIUnitTestCase->setUp()
#6 C:\xampp\htdocs\prestamos\vendor\phpunit\phpunit\src\Framework\TestResult.php(728): PHPUnit\Framework\TestCase->runBare()
#7 C:\xampp\htdocs\prestamos\vendor\phpunit\phpunit\src\Framework\TestCase.php(968): PHPUnit\Framework\TestResult->run(Object(ExampleDatabaseTest))
#8 C:\xampp\htdocs\prestamos\vendor\phpunit\phpunit\src\Framework\TestSuite.php(684): PHPUnit\Framework\TestCase->run(Object(PHPUnit\Framework\TestResult))
#9 C:\xampp\htdocs\prestamos\vendor\phpunit\phpunit\src\Framework\TestSuite.php(684): PHPUnit\Framework\TestSuite->run(Object(PHPUnit\Framework\TestResult))
#10 C:\xampp\htdocs\prestamos\vendor\phpunit\phpunit\src\Framework\TestSuite.php(684): PHPUnit\Framework\TestSuite->run(Object(PHPUnit\Framework\TestResult))
#11 C:\xampp\htdocs\prestamos\vendor\phpunit\phpunit\src\TextUI\TestRunner.php(651): PHPUnit\Framework\TestSuite->run(Object(PHPUnit\Framework\TestResult))
#12 C:\xampp\htdocs\prestamos\vendor\phpunit\phpunit\src\TextUI\Command.php(144): PHPUnit\TextUI\TestRunner->run(Object(PHPUnit\Framework\TestSuite), Array, Array, true)
#13 C:\xampp\htdocs\prestamos\vendor\phpunit\phpunit\src\TextUI\Command.php(97): PHPUnit\TextUI\Command->run(Array, true)
#14 C:\xampp\htdocs\prestamos\vendor\phpunit\phpunit\phpunit(107): PHPUnit\TextUI\Command::main()
#15 C:\xampp\htdocs\prestamos\vendor\bin\phpunit(122): include('C:\\xampp\\htdocs...')
#16 {main}
ERROR - 2024-05-30 19:25:41 --> Error connecting to the database: Error: Class "SQLite3" not found in C:\xampp\htdocs\prestamos\system\Database\SQLite3\Connection.php:89
Stack trace:
#0 C:\xampp\htdocs\prestamos\system\Database\BaseConnection.php(391): CodeIgniter\Database\SQLite3\Connection->connect(false)
#1 C:\xampp\htdocs\prestamos\system\Database\SQLite3\Connection.php(59): CodeIgniter\Database\BaseConnection->initialize()
#2 C:\xampp\htdocs\prestamos\system\Test\DatabaseTestTrait.php(74): CodeIgniter\Database\SQLite3\Connection->initialize()
#3 C:\xampp\htdocs\prestamos\system\Test\DatabaseTestTrait.php(54): ExampleDatabaseTest->loadDependencies()
#4 C:\xampp\htdocs\prestamos\system\Test\CIUnitTestCase.php(248): ExampleDatabaseTest->setUpDatabase()
#5 C:\xampp\htdocs\prestamos\vendor\phpunit\phpunit\src\Framework\TestCase.php(1211): CodeIgniter\Test\CIUnitTestCase->setUp()
#6 C:\xampp\htdocs\prestamos\vendor\phpunit\phpunit\src\Framework\TestResult.php(728): PHPUnit\Framework\TestCase->runBare()
#7 C:\xampp\htdocs\prestamos\vendor\phpunit\phpunit\src\Framework\TestCase.php(968): PHPUnit\Framework\TestResult->run(Object(ExampleDatabaseTest))
#8 C:\xampp\htdocs\prestamos\vendor\phpunit\phpunit\src\Framework\TestSuite.php(684): PHPUnit\Framework\TestCase->run(Object(PHPUnit\Framework\TestResult))
#9 C:\xampp\htdocs\prestamos\vendor\phpunit\phpunit\src\Framework\TestSuite.php(684): PHPUnit\Framework\TestSuite->run(Object(PHPUnit\Framework\TestResult))
#10 C:\xampp\htdocs\prestamos\vendor\phpunit\phpunit\src\Framework\TestSuite.php(684): PHPUnit\Framework\TestSuite->run(Object(PHPUnit\Framework\TestResult))
#11 C:\xampp\htdocs\prestamos\vendor\phpunit\phpunit\src\TextUI\TestRunner.php(651): PHPUnit\Framework\TestSuite->run(Object(PHPUnit\Framework\TestResult))
#12 C:\xampp\htdocs\prestamos\vendor\phpunit\phpunit\src\TextUI\Command.php(144): PHPUnit\TextUI\TestRunner->run(Object(PHPUnit\Framework\TestSuite), Array, Array, true)
#13 C:\xampp\htdocs\prestamos\vendor\phpunit\phpunit\src\TextUI\Command.php(97): PHPUnit\TextUI\Command->run(Array, true)
#14 C:\xampp\htdocs\prestamos\vendor\phpunit\phpunit\phpunit(107): PHPUnit\TextUI\Command::main()
#15 C:\xampp\htdocs\prestamos\vendor\bin\phpunit(122): include('C:\\xampp\\htdocs...')
#16 {main}
ERROR - 2024-05-30 19:25:52 --> Error connecting to the database: Error: Class "SQLite3" not found in C:\xampp\htdocs\prestamos\system\Database\SQLite3\Connection.php:89
Stack trace:
#0 C:\xampp\htdocs\prestamos\system\Database\BaseConnection.php(391): CodeIgniter\Database\SQLite3\Connection->connect(false)
#1 C:\xampp\htdocs\prestamos\system\Database\SQLite3\Connection.php(59): CodeIgniter\Database\BaseConnection->initialize()
#2 C:\xampp\htdocs\prestamos\system\Test\DatabaseTestTrait.php(74): CodeIgniter\Database\SQLite3\Connection->initialize()
#3 C:\xampp\htdocs\prestamos\system\Test\DatabaseTestTrait.php(54): ExampleDatabaseTest->loadDependencies()
#4 C:\xampp\htdocs\prestamos\system\Test\CIUnitTestCase.php(248): ExampleDatabaseTest->setUpDatabase()
#5 C:\xampp\htdocs\prestamos\vendor\phpunit\phpunit\src\Framework\TestCase.php(1211): CodeIgniter\Test\CIUnitTestCase->setUp()
#6 C:\xampp\htdocs\prestamos\vendor\phpunit\phpunit\src\Framework\TestResult.php(728): PHPUnit\Framework\TestCase->runBare()
#7 C:\xampp\htdocs\prestamos\vendor\phpunit\phpunit\src\Framework\TestCase.php(968): PHPUnit\Framework\TestResult->run(Object(ExampleDatabaseTest))
#8 C:\xampp\htdocs\prestamos\vendor\phpunit\phpunit\src\Framework\TestSuite.php(684): PHPUnit\Framework\TestCase->run(Object(PHPUnit\Framework\TestResult))
#9 C:\xampp\htdocs\prestamos\vendor\phpunit\phpunit\src\Framework\TestSuite.php(684): PHPUnit\Framework\TestSuite->run(Object(PHPUnit\Framework\TestResult))
#10 C:\xampp\htdocs\prestamos\vendor\phpunit\phpunit\src\Framework\TestSuite.php(684): PHPUnit\Framework\TestSuite->run(Object(PHPUnit\Framework\TestResult))
#11 C:\xampp\htdocs\prestamos\vendor\phpunit\phpunit\src\TextUI\TestRunner.php(651): PHPUnit\Framework\TestSuite->run(Object(PHPUnit\Framework\TestResult))
#12 C:\xampp\htdocs\prestamos\vendor\phpunit\phpunit\src\TextUI\Command.php(144): PHPUnit\TextUI\TestRunner->run(Object(PHPUnit\Framework\TestSuite), Array, Array, true)
#13 C:\xampp\htdocs\prestamos\vendor\phpunit\phpunit\src\TextUI\Command.php(97): PHPUnit\TextUI\Command->run(Array, true)
#14 C:\xampp\htdocs\prestamos\vendor\phpunit\phpunit\phpunit(107): PHPUnit\TextUI\Command::main()
#15 C:\xampp\htdocs\prestamos\vendor\bin\phpunit(122): include('C:\\xampp\\htdocs...')
#16 {main}
ERROR - 2024-05-30 19:25:53 --> Error connecting to the database: Error: Class "SQLite3" not found in C:\xampp\htdocs\prestamos\system\Database\SQLite3\Connection.php:89
Stack trace:
#0 C:\xampp\htdocs\prestamos\system\Database\BaseConnection.php(391): CodeIgniter\Database\SQLite3\Connection->connect(false)
#1 C:\xampp\htdocs\prestamos\system\Database\SQLite3\Connection.php(59): CodeIgniter\Database\BaseConnection->initialize()
#2 C:\xampp\htdocs\prestamos\system\Test\DatabaseTestTrait.php(74): CodeIgniter\Database\SQLite3\Connection->initialize()
#3 C:\xampp\htdocs\prestamos\system\Test\DatabaseTestTrait.php(54): ExampleDatabaseTest->loadDependencies()
#4 C:\xampp\htdocs\prestamos\system\Test\CIUnitTestCase.php(248): ExampleDatabaseTest->setUpDatabase()
#5 C:\xampp\htdocs\prestamos\vendor\phpunit\phpunit\src\Framework\TestCase.php(1211): CodeIgniter\Test\CIUnitTestCase->setUp()
#6 C:\xampp\htdocs\prestamos\vendor\phpunit\phpunit\src\Framework\TestResult.php(728): PHPUnit\Framework\TestCase->runBare()
#7 C:\xampp\htdocs\prestamos\vendor\phpunit\phpunit\src\Framework\TestCase.php(968): PHPUnit\Framework\TestResult->run(Object(ExampleDatabaseTest))
#8 C:\xampp\htdocs\prestamos\vendor\phpunit\phpunit\src\Framework\TestSuite.php(684): PHPUnit\Framework\TestCase->run(Object(PHPUnit\Framework\TestResult))
#9 C:\xampp\htdocs\prestamos\vendor\phpunit\phpunit\src\Framework\TestSuite.php(684): PHPUnit\Framework\TestSuite->run(Object(PHPUnit\Framework\TestResult))
#10 C:\xampp\htdocs\prestamos\vendor\phpunit\phpunit\src\Framework\TestSuite.php(684): PHPUnit\Framework\TestSuite->run(Object(PHPUnit\Framework\TestResult))
#11 C:\xampp\htdocs\prestamos\vendor\phpunit\phpunit\src\TextUI\TestRunner.php(651): PHPUnit\Framework\TestSuite->run(Object(PHPUnit\Framework\TestResult))
#12 C:\xampp\htdocs\prestamos\vendor\phpunit\phpunit\src\TextUI\Command.php(144): PHPUnit\TextUI\TestRunner->run(Object(PHPUnit\Framework\TestSuite), Array, Array, true)
#13 C:\xampp\htdocs\prestamos\vendor\phpunit\phpunit\src\TextUI\Command.php(97): PHPUnit\TextUI\Command->run(Array, true)
#14 C:\xampp\htdocs\prestamos\vendor\phpunit\phpunit\phpunit(107): PHPUnit\TextUI\Command::main()
#15 C:\xampp\htdocs\prestamos\vendor\bin\phpunit(122): include('C:\\xampp\\htdocs...')
#16 {main}
ERROR - 2024-05-30 19:33:52 --> Error connecting to the database: Error: Class "SQLite3" not found in C:\xampp\htdocs\prestamos\system\Database\SQLite3\Connection.php:89
Stack trace:
#0 C:\xampp\htdocs\prestamos\system\Database\BaseConnection.php(391): CodeIgniter\Database\SQLite3\Connection->connect(false)
#1 C:\xampp\htdocs\prestamos\system\Database\SQLite3\Connection.php(59): CodeIgniter\Database\BaseConnection->initialize()
#2 C:\xampp\htdocs\prestamos\system\Test\DatabaseTestTrait.php(74): CodeIgniter\Database\SQLite3\Connection->initialize()
#3 C:\xampp\htdocs\prestamos\system\Test\DatabaseTestTrait.php(54): ExampleDatabaseTest->loadDependencies()
#4 C:\xampp\htdocs\prestamos\system\Test\CIUnitTestCase.php(248): ExampleDatabaseTest->setUpDatabase()
#5 C:\xampp\htdocs\prestamos\vendor\phpunit\phpunit\src\Framework\TestCase.php(1211): CodeIgniter\Test\CIUnitTestCase->setUp()
#6 C:\xampp\htdocs\prestamos\vendor\phpunit\phpunit\src\Framework\TestResult.php(728): PHPUnit\Framework\TestCase->runBare()
#7 C:\xampp\htdocs\prestamos\vendor\phpunit\phpunit\src\Framework\TestCase.php(968): PHPUnit\Framework\TestResult->run(Object(ExampleDatabaseTest))
#8 C:\xampp\htdocs\prestamos\vendor\phpunit\phpunit\src\Framework\TestSuite.php(684): PHPUnit\Framework\TestCase->run(Object(PHPUnit\Framework\TestResult))
#9 C:\xampp\htdocs\prestamos\vendor\phpunit\phpunit\src\Framework\TestSuite.php(684): PHPUnit\Framework\TestSuite->run(Object(PHPUnit\Framework\TestResult))
#10 C:\xampp\htdocs\prestamos\vendor\phpunit\phpunit\src\Framework\TestSuite.php(684): PHPUnit\Framework\TestSuite->run(Object(PHPUnit\Framework\TestResult))
#11 C:\xampp\htdocs\prestamos\vendor\phpunit\phpunit\src\TextUI\TestRunner.php(651): PHPUnit\Framework\TestSuite->run(Object(PHPUnit\Framework\TestResult))
#12 C:\xampp\htdocs\prestamos\vendor\phpunit\phpunit\src\TextUI\Command.php(144): PHPUnit\TextUI\TestRunner->run(Object(PHPUnit\Framework\TestSuite), Array, Array, true)
#13 C:\xampp\htdocs\prestamos\vendor\phpunit\phpunit\src\TextUI\Command.php(97): PHPUnit\TextUI\Command->run(Array, true)
#14 C:\xampp\htdocs\prestamos\vendor\phpunit\phpunit\phpunit(107): PHPUnit\TextUI\Command::main()
#15 C:\xampp\htdocs\prestamos\vendor\bin\phpunit(122): include('C:\\xampp\\htdocs...')
#16 {main}
ERROR - 2024-05-30 19:33:52 --> Error connecting to the database: Error: Class "SQLite3" not found in C:\xampp\htdocs\prestamos\system\Database\SQLite3\Connection.php:89
Stack trace:
#0 C:\xampp\htdocs\prestamos\system\Database\BaseConnection.php(391): CodeIgniter\Database\SQLite3\Connection->connect(false)
#1 C:\xampp\htdocs\prestamos\system\Database\SQLite3\Connection.php(59): CodeIgniter\Database\BaseConnection->initialize()
#2 C:\xampp\htdocs\prestamos\system\Test\DatabaseTestTrait.php(74): CodeIgniter\Database\SQLite3\Connection->initialize()
#3 C:\xampp\htdocs\prestamos\system\Test\DatabaseTestTrait.php(54): ExampleDatabaseTest->loadDependencies()
#4 C:\xampp\htdocs\prestamos\system\Test\CIUnitTestCase.php(248): ExampleDatabaseTest->setUpDatabase()
#5 C:\xampp\htdocs\prestamos\vendor\phpunit\phpunit\src\Framework\TestCase.php(1211): CodeIgniter\Test\CIUnitTestCase->setUp()
#6 C:\xampp\htdocs\prestamos\vendor\phpunit\phpunit\src\Framework\TestResult.php(728): PHPUnit\Framework\TestCase->runBare()
#7 C:\xampp\htdocs\prestamos\vendor\phpunit\phpunit\src\Framework\TestCase.php(968): PHPUnit\Framework\TestResult->run(Object(ExampleDatabaseTest))
#8 C:\xampp\htdocs\prestamos\vendor\phpunit\phpunit\src\Framework\TestSuite.php(684): PHPUnit\Framework\TestCase->run(Object(PHPUnit\Framework\TestResult))
#9 C:\xampp\htdocs\prestamos\vendor\phpunit\phpunit\src\Framework\TestSuite.php(684): PHPUnit\Framework\TestSuite->run(Object(PHPUnit\Framework\TestResult))
#10 C:\xampp\htdocs\prestamos\vendor\phpunit\phpunit\src\Framework\TestSuite.php(684): PHPUnit\Framework\TestSuite->run(Object(PHPUnit\Framework\TestResult))
#11 C:\xampp\htdocs\prestamos\vendor\phpunit\phpunit\src\TextUI\TestRunner.php(651): PHPUnit\Framework\TestSuite->run(Object(PHPUnit\Framework\TestResult))
#12 C:\xampp\htdocs\prestamos\vendor\phpunit\phpunit\src\TextUI\Command.php(144): PHPUnit\TextUI\TestRunner->run(Object(PHPUnit\Framework\TestSuite), Array, Array, true)
#13 C:\xampp\htdocs\prestamos\vendor\phpunit\phpunit\src\TextUI\Command.php(97): PHPUnit\TextUI\Command->run(Array, true)
#14 C:\xampp\htdocs\prestamos\vendor\phpunit\phpunit\phpunit(107): PHPUnit\TextUI\Command::main()
#15 C:\xampp\htdocs\prestamos\vendor\bin\phpunit(122): include('C:\\xampp\\htdocs...')
#16 {main}
INFO - 2024-05-30 19:34:24 --> Session: Class initialized using 'CodeIgniter\Session\Handlers\FileHandler' driver.
INFO - 2024-05-30 19:34:33 --> Session: Class initialized using 'CodeIgniter\Session\Handlers\FileHandler' driver.
INFO - 2024-05-30 19:34:36 --> Session: Class initialized using 'CodeIgniter\Session\Handlers\FileHandler' driver.
INFO - 2024-05-30 19:34:37 --> Session: Class initialized using 'CodeIgniter\Session\Handlers\FileHandler' driver.
INFO - 2024-05-30 19:34:42 --> Session: Class initialized using 'CodeIgniter\Session\Handlers\FileHandler' driver.
INFO - 2024-05-30 19:34:46 --> Session: Class initialized using 'CodeIgniter\Session\Handlers\FileHandler' driver.
INFO - 2024-05-30 19:34:47 --> Session: Class initialized using 'CodeIgniter\Session\Handlers\FileHandler' driver.
INFO - 2024-05-30 19:34:47 --> Session: Class initialized using 'CodeIgniter\Session\Handlers\FileHandler' driver.
INFO - 2024-05-30 19:34:54 --> Session: Class initialized using 'CodeIgniter\Session\Handlers\FileHandler' driver.
INFO - 2024-05-30 19:34:56 --> Session: Class initialized using 'CodeIgniter\Session\Handlers\FileHandler' driver.
INFO - 2024-05-30 19:35:15 --> CSRF token verified.
INFO - 2024-05-30 19:35:15 --> Session: Class initialized using 'CodeIgniter\Session\Handlers\FileHandler' driver.
INFO - 2024-05-30 19:35:15 --> Session: Class initialized using 'CodeIgniter\Session\Handlers\FileHandler' driver.
INFO - 2024-05-30 19:35:19 --> Session: Class initialized using 'CodeIgniter\Session\Handlers\FileHandler' driver.
INFO - 2024-05-30 19:35:19 --> Session: Class initialized using 'CodeIgniter\Session\Handlers\FileHandler' driver.
INFO - 2024-05-30 19:35:19 --> Session: Class initialized using 'CodeIgniter\Session\Handlers\FileHandler' driver.
INFO - 2024-05-30 19:35:30 --> Session: Class initialized using 'CodeIgniter\Session\Handlers\FileHandler' driver.
INFO - 2024-05-30 19:35:32 --> Session: Class initialized using 'CodeIgniter\Session\Handlers\FileHandler' driver.
INFO - 2024-05-30 19:35:40 --> CSRF token verified.
INFO - 2024-05-30 19:35:40 --> Session: Class initialized using 'CodeIgniter\Session\Handlers\FileHandler' driver.
INFO - 2024-05-30 19:35:40 --> Session: Class initialized using 'CodeIgniter\Session\Handlers\FileHandler' driver.
INFO - 2024-05-30 19:35:45 --> Session: Class initialized using 'CodeIgniter\Session\Handlers\FileHandler' driver.
INFO - 2024-05-30 19:35:45 --> Session: Class initialized using 'CodeIgniter\Session\Handlers\FileHandler' driver.
INFO - 2024-05-30 19:35:45 --> Session: Class initialized using 'CodeIgniter\Session\Handlers\FileHandler' driver.
INFO - 2024-05-30 19:36:17 --> Session: Class initialized using 'CodeIgniter\Session\Handlers\FileHandler' driver.
INFO - 2024-05-30 19:36:17 --> Session: Class initialized using 'CodeIgniter\Session\Handlers\FileHandler' driver.
INFO - 2024-05-30 19:36:17 --> Session: Class initialized using 'CodeIgniter\Session\Handlers\FileHandler' driver.
INFO - 2024-05-30 19:39:03 --> Session: Class initialized using 'CodeIgniter\Session\Handlers\FileHandler' driver.
INFO - 2024-05-30 19:39:10 --> CSRF token verified.
INFO - 2024-05-30 19:39:10 --> Session: Class initialized using 'CodeIgniter\Session\Handlers\FileHandler' driver.
INFO - 2024-05-30 19:39:10 --> Session: Class initialized using 'CodeIgniter\Session\Handlers\FileHandler' driver.
INFO - 2024-05-30 19:39:23 --> Session: Class initialized using 'CodeIgniter\Session\Handlers\FileHandler' driver.
INFO - 2024-05-30 19:39:24 --> Session: Class initialized using 'CodeIgniter\Session\Handlers\FileHandler' driver.
INFO - 2024-05-30 19:39:30 --> Session: Class initialized using 'CodeIgniter\Session\Handlers\FileHandler' driver.
INFO - 2024-05-30 19:39:40 --> Session: Class initialized using 'CodeIgniter\Session\Handlers\FileHandler' driver.
INFO - 2024-05-30 19:39:40 --> Session: Class initialized using 'CodeIgniter\Session\Handlers\FileHandler' driver.
INFO - 2024-05-30 19:39:40 --> Session: Class initialized using 'CodeIgniter\Session\Handlers\FileHandler' driver.
INFO - 2024-05-30 19:40:29 --> Session: Class initialized using 'CodeIgniter\Session\Handlers\FileHandler' driver.
INFO - 2024-05-30 19:40:30 --> Session: Class initialized using 'CodeIgniter\Session\Handlers\FileHandler' driver.
INFO - 2024-05-30 19:40:30 --> Session: Class initialized using 'CodeIgniter\Session\Handlers\FileHandler' driver.
INFO - 2024-05-30 20:44:25 --> Session: Class initialized using 'CodeIgniter\Session\Handlers\FileHandler' driver.
INFO - 2024-05-30 20:44:34 --> CSRF token verified.
INFO - 2024-05-30 20:44:34 --> Session: Class initialized using 'CodeIgniter\Session\Handlers\FileHandler' driver.
INFO - 2024-05-30 20:44:34 --> Session: Class initialized using 'CodeIgniter\Session\Handlers\FileHandler' driver.
INFO - 2024-05-30 20:44:48 --> Session: Class initialized using 'CodeIgniter\Session\Handlers\FileHandler' driver.
INFO - 2024-05-30 20:44:49 --> Session: Class initialized using 'CodeIgniter\Session\Handlers\FileHandler' driver.
INFO - 2024-05-30 20:44:56 --> Session: Class initialized using 'CodeIgniter\Session\Handlers\FileHandler' driver.
INFO - 2024-05-30 20:45:02 --> Session: Class initialized using 'CodeIgniter\Session\Handlers\FileHandler' driver.
INFO - 2024-05-30 20:45:02 --> Session: Class initialized using 'CodeIgniter\Session\Handlers\FileHandler' driver.
INFO - 2024-05-30 20:45:02 --> Session: Class initialized using 'CodeIgniter\Session\Handlers\FileHandler' driver.
INFO - 2024-05-30 20:46:00 --> Session: Class initialized using 'CodeIgniter\Session\Handlers\FileHandler' driver.
INFO - 2024-05-30 20:47:06 --> CSRF token verified.
INFO - 2024-05-30 20:47:06 --> Session: Class initialized using 'CodeIgniter\Session\Handlers\FileHandler' driver.
INFO - 2024-05-30 20:47:13 --> Session: Class initialized using 'CodeIgniter\Session\Handlers\FileHandler' driver.
INFO - 2024-05-30 22:00:19 --> Session: Class initialized using 'CodeIgniter\Session\Handlers\FileHandler' driver.
